[35m[Appium][39m Welcome to Appium v1.22.3
[35m[Appium][39m Non-default server args:
[35m[Appium][39m   port: 56178
[35m[Appium][39m   loglevel: info
[35m[Appium][39m   tmpDir: /var/folders/43/yyjxsz3n0pnd5vwk0hfj_44r0000gn/T//Katalon/Appium/Temp1685748612695
[35m[Appium][39m   chromedriverPort: 56179
[35m[Appium][39m Deprecated server args:
[35m[Appium][39m   [31m--chromedriver-port[39m => --default-capabilities
[35m[Appium][39m Default capabilities, which will be added to each request unless overridden by desired capabilities:
[35m[Appium][39m   chromedriverPort: 56179
[35m[Appium][39m Appium REST http interface listener started on 0.0.0.0:56178
[35m[HTTP][39m [37m-->[39m [37mGET[39m [37m/wd/hub/status[39m
[35m[HTTP][39m [90m{}[39m
[35m[HTTP][39m [37m<-- GET /wd/hub/status [39m[32m200[39m [90m11 ms - 68[39m
[35m[HTTP][39m [90m[39m
[35m[HTTP][39m [37m-->[39m [37mGET[39m [37m/wd/hub/status[39m
[35m[HTTP][39m [90m{}[39m
[35m[HTTP][39m [37m<-- GET /wd/hub/status [39m[32m200[39m [90m9 ms - 68[39m
[35m[HTTP][39m [90m[39m
[35m[HTTP][39m [37m-->[39m [37mPOST[39m [37m/wd/hub/session[39m
[35m[HTTP][39m [90m{"desiredCapabilities":{"app":"/Users/affy/Downloads/kasirdemo.apk","noReset":true,"deviceName":"emulator-5554 (Android SDK built for arm64 - Android 9)","fullReset":false,"platform":"ANDROID","newCommandTimeout":1800,"platformVersion":"9","automationName":"uiautomator2","autoGrantPermissions":true,"platformName":"Android","udid":"emulator-5554","systemPort":56188},"capabilities":{"firstMatch":[{"appium:app":"/Users/affy/Downloads/kasirdemo.apk","appium:autoGrantPermissions":true,"appium:automationName":"uiautomator2","appium:deviceName":"emulator-5554 (Android SDK built for arm64 - Android 9)","appium:fullReset":false,"appium:newCommandTimeout":1800,"appium:noReset":true,"platform":"ANDROID","platformName":"android","appium:platformVersion":"9","appium:systemPort":56188,"appium:udid":"emulator-5554"}]}}[39m
[35m[BaseDriver][39m The following capabilities are not standard capabilities and should have an extension prefix:
[35m[BaseDriver][39m   platform
[35m[BaseDriver][39m   chromedriverPort
[35m[Appium][39m Appium v1.22.3 creating new AndroidUiautomator2Driver (v1.70.1) session
[35m[BaseDriver][39m The following capabilities were provided, but are not recognized by Appium:
[35m[BaseDriver][39m   platform
[35m[BaseDriver][39m Session created with session id: 496be49a-ac5b-40ee-b5ff-95aa176b5888
[35m[BaseDriver][39m Using local app '/Users/affy/Downloads/kasirdemo.apk'
[35m[ADB][39m Found 1 'build-tools' folders under '/Users/affy/.katalon/tools/android_sdk' (newest first):
[35m[ADB][39m     /Users/affy/.katalon/tools/android_sdk/build-tools/29.0.3
[35m[ADB][39m Using 'adb' from '/Users/affy/.katalon/tools/android_sdk/platform-tools/adb'
[35m[AndroidDriver][39m Retrieving device list
[35m[AndroidDriver][39m Using device: emulator-5554
[35m[ADB][39m Using 'adb' from '/Users/affy/.katalon/tools/android_sdk/platform-tools/adb'
[35m[ADB][39m Getting device platform version
[35m[UiAutomator2][39m Relaxing hidden api policy
[35m[ADB][39m Package name: 'com.kasirajaandroid'
[35m[ADB][39m Main activity name: 'com.kasirajaandroid.MainActivity'
[35m[UiAutomator2][39m Server package at '/usr/local/lib/node_modules/appium/node_modules/appium-uiautomator2-server/apks/appium-uiautomator2-server-debug-androidTest.apk' is not writeable. Will copy it into the temporary location at '/var/folders/43/yyjxsz3n0pnd5vwk0hfj_44r0000gn/T/Katalon/Appium/Temp1685748612695/202353-3865-eewmk8.1ym5m' as a workaround. Consider making this file writeable manually in order to improve the performance of session startup.
[35m[UiAutomator2][39m Server package at '/usr/local/lib/node_modules/appium/node_modules/appium-uiautomator2-server/apks/appium-uiautomator2-server-v4.27.0.apk' is not writeable. Will copy it into the temporary location at '/var/folders/43/yyjxsz3n0pnd5vwk0hfj_44r0000gn/T/Katalon/Appium/Temp1685748612695/202353-3865-eewmk8.1ym5m' as a workaround. Consider making this file writeable manually in order to improve the performance of session startup.
[35m[ADB][39m Using 'apksigner.jar' from '/Users/affy/.katalon/tools/android_sdk/build-tools/29.0.3/lib/apksigner.jar'
[35m[ADB][39m '/var/folders/43/yyjxsz3n0pnd5vwk0hfj_44r0000gn/T/Katalon/Appium/Temp1685748612695/202353-3865-eewmk8.1ym5m/appium-uiautomator2-server-v4.27.0.apk' is signed with the default certificate
[35m[ADB][39m '/var/folders/43/yyjxsz3n0pnd5vwk0hfj_44r0000gn/T/Katalon/Appium/Temp1685748612695/202353-3865-eewmk8.1ym5m/appium-uiautomator2-server-debug-androidTest.apk' is signed with the default certificate
[35m[UiAutomator2][39m Server packages are not going to be (re)installed
[35m[ADB][39m Adding packages ["io.appium.settings","io.appium.uiautomator2.server","io.appium.uiautomator2.server.test"] to Doze whitelist
[35m[ADB][39m '/Users/affy/Downloads/kasirdemo.apk' is signed with a non-default certificate
[35m[ADB][39m The application at '/Users/affy/Downloads/kasirdemo.apk' will not be cached, because the device under test has confirmed the support of streamed installs
[35m[ADB][39m The installation of 'kasirdemo.apk' took 658ms
[35m[UiAutomator2][39m Starting UIAutomator2 server 4.27.0
[35m[UiAutomator2][39m Using UIAutomator2 server from '/usr/local/lib/node_modules/appium/node_modules/appium-uiautomator2-server/apks/appium-uiautomator2-server-v4.27.0.apk' and test from '/usr/local/lib/node_modules/appium/node_modules/appium-uiautomator2-server/apks/appium-uiautomator2-server-debug-androidTest.apk'
[35m[UiAutomator2][39m Waiting up to 30000ms for UiAutomator2 to be online...
[35m[WD Proxy][39m socket hang up
[35m[WD Proxy][39m socket hang up
[35m[WD Proxy][39m Determined the downstream protocol as 'W3C'
[35m[AndroidDriver][39m Screen already unlocked, doing nothing
[35m[UiAutomator2][39m Starting 'com.kasirajaandroid/com.kasirajaandroid.MainActivity and waiting for 'com.kasirajaandroid/com.kasirajaandroid.MainActivity'
[35m[Appium][39m New AndroidUiautomator2Driver session created successfully, session 496be49a-ac5b-40ee-b5ff-95aa176b5888 added to master session list
[35m[HTTP][39m [37m<-- POST /wd/hub/session [39m[32m200[39m [90m9128 ms - 1275[39m
[35m[HTTP][39m [90m[39m
[35m[HTTP][39m [37m-->[39m [37mGET[39m [37m/wd/hub/session/496be49a-ac5b-40ee-b5ff-95aa176b5888[39m
[35m[HTTP][39m [90m{}[39m
[35m[HTTP][39m [37m<-- GET /wd/hub/session/496be49a-ac5b-40ee-b5ff-95aa176b5888 [39m[32m200[39m [90m8 ms - 1229[39m
[35m[HTTP][39m [90m[39m
[35m[HTTP][39m [37m-->[39m [37mGET[39m [37m/wd/hub/session/496be49a-ac5b-40ee-b5ff-95aa176b5888[39m
[35m[HTTP][39m [90m{}[39m
[35m[HTTP][39m [37m<-- GET /wd/hub/session/496be49a-ac5b-40ee-b5ff-95aa176b5888 [39m[32m200[39m [90m10 ms - 1229[39m
[35m[HTTP][39m [90m[39m
[35m[HTTP][39m [37m-->[39m [37mGET[39m [37m/wd/hub/status[39m
[35m[HTTP][39m [90m{}[39m
[35m[HTTP][39m [37m<-- GET /wd/hub/status [39m[32m200[39m [90m1 ms - 68[39m
[35m[HTTP][39m [90m[39m
[35m[HTTP][39m [37m-->[39m [37mPOST[39m [37m/wd/hub/session/496be49a-ac5b-40ee-b5ff-95aa176b5888/timeouts[39m
[35m[HTTP][39m [90m{"implicit":60000}[39m
[35m[HTTP][39m [37m<-- POST /wd/hub/session/496be49a-ac5b-40ee-b5ff-95aa176b5888/timeouts [39m[32m200[39m [90m3 ms - 14[39m
[35m[HTTP][39m [90m[39m
[35m[HTTP][39m [37m-->[39m [37mGET[39m [37m/wd/hub/session/496be49a-ac5b-40ee-b5ff-95aa176b5888/source[39m
[35m[HTTP][39m [90m{}[39m
[35m[W3C (496be49a)][39m Driver proxy active, passing request on via HTTP proxy
[35m[WD Proxy][39m Replacing sessionId 27858914-410a-42b7-9614-f8726658a970 with 496be49a-ac5b-40ee-b5ff-95aa176b5888
[35m[HTTP][39m [37m<-- GET /wd/hub/session/496be49a-ac5b-40ee-b5ff-95aa176b5888/source [39m[32m200[39m [90m794 ms - 12864[39m
[35m[HTTP][39m [90m[39m
[35m[HTTP][39m [37m-->[39m [37mGET[39m [37m/wd/hub/session/496be49a-ac5b-40ee-b5ff-95aa176b5888/screenshot[39m
[35m[HTTP][39m [90m{}[39m
[35m[HTTP][39m [37m<-- GET /wd/hub/session/496be49a-ac5b-40ee-b5ff-95aa176b5888/screenshot [39m[32m200[39m [90m150 ms - 83276[39m
[35m[HTTP][39m [90m[39m
[35m[HTTP][39m [37m-->[39m [37mPOST[39m [37m/wd/hub/session/496be49a-ac5b-40ee-b5ff-95aa176b5888/elements[39m
[35m[HTTP][39m [90m{"using":"xpath","value":"//*[@class = 'android.widget.TextView' and (@text = 'daftar ?' or . = 'daftar ?')]"}[39m
[35m[HTTP][39m [37m<-- POST /wd/hub/session/496be49a-ac5b-40ee-b5ff-95aa176b5888/elements [39m[32m200[39m [90m197 ms - 139[39m
[35m[HTTP][39m [90m[39m
[35m[HTTP][39m [37m-->[39m [37mGET[39m [37m/wd/hub/session/496be49a-ac5b-40ee-b5ff-95aa176b5888/window/rect[39m
[35m[HTTP][39m [90m{}[39m
[35m[HTTP][39m [37m<-- GET /wd/hub/session/496be49a-ac5b-40ee-b5ff-95aa176b5888/window/rect [39m[32m200[39m [90m23 ms - 50[39m
[35m[HTTP][39m [90m[39m
[35m[HTTP][39m [37m-->[39m [37mPOST[39m [37m/wd/hub/session/496be49a-ac5b-40ee-b5ff-95aa176b5888/elements[39m
[35m[HTTP][39m [90m{"using":"xpath","value":"//*[@class = 'android.widget.TextView' and (@text = 'daftar ?' or . = 'daftar ?')]"}[39m
[35m[HTTP][39m [37m<-- POST /wd/hub/session/496be49a-ac5b-40ee-b5ff-95aa176b5888/elements [39m[32m200[39m [90m53 ms - 139[39m
[35m[HTTP][39m [90m[39m
[35m[HTTP][39m [37m-->[39m [37mGET[39m [37m/wd/hub/session/496be49a-ac5b-40ee-b5ff-95aa176b5888/element/00000000-0000-01cb-ffff-ffff0000001e/location[39m
[35m[HTTP][39m [90m{}[39m
[35m[W3C (496be49a)][39m Driver proxy active, passing request on via HTTP proxy
[35m[WD Proxy][39m Replacing sessionId 27858914-410a-42b7-9614-f8726658a970 with 496be49a-ac5b-40ee-b5ff-95aa176b5888
[35m[HTTP][39m [37m<-- GET /wd/hub/session/496be49a-ac5b-40ee-b5ff-95aa176b5888/element/00000000-0000-01cb-ffff-ffff0000001e/location [39m[32m200[39m [90m22 ms - 79[39m
[35m[HTTP][39m [90m[39m
[35m[HTTP][39m [37m-->[39m [37mPOST[39m [37m/wd/hub/session/496be49a-ac5b-40ee-b5ff-95aa176b5888/element/00000000-0000-01cb-ffff-ffff0000001e/click[39m
[35m[HTTP][39m [90m{"id":"00000000-0000-01cb-ffff-ffff0000001e"}[39m
[35m[HTTP][39m [37m<-- POST /wd/hub/session/496be49a-ac5b-40ee-b5ff-95aa176b5888/element/00000000-0000-01cb-ffff-ffff0000001e/click [39m[32m200[39m [90m20 ms - 14[39m
[35m[HTTP][39m [90m[39m
[35m[HTTP][39m [37m-->[39m [37mGET[39m [37m/wd/hub/session/496be49a-ac5b-40ee-b5ff-95aa176b5888/source[39m
[35m[HTTP][39m [90m{}[39m
[35m[W3C (496be49a)][39m Driver proxy active, passing request on via HTTP proxy
[35m[WD Proxy][39m Replacing sessionId 27858914-410a-42b7-9614-f8726658a970 with 496be49a-ac5b-40ee-b5ff-95aa176b5888
[35m[HTTP][39m [37m<-- GET /wd/hub/session/496be49a-ac5b-40ee-b5ff-95aa176b5888/source [39m[32m200[39m [90m209 ms - 14672[39m
[35m[HTTP][39m [90m[39m
[35m[HTTP][39m [37m-->[39m [37mGET[39m [37m/wd/hub/session/496be49a-ac5b-40ee-b5ff-95aa176b5888/screenshot[39m
[35m[HTTP][39m [90m{}[39m
[35m[HTTP][39m [37m<-- GET /wd/hub/session/496be49a-ac5b-40ee-b5ff-95aa176b5888/screenshot [39m[32m200[39m [90m140 ms - 89942[39m
[35m[HTTP][39m [90m[39m
[35m[HTTP][39m [37m-->[39m [37mPOST[39m [37m/wd/hub/session/496be49a-ac5b-40ee-b5ff-95aa176b5888/elements[39m
[35m[HTTP][39m [90m{"using":"xpath","value":"//*[@class = 'android.widget.EditText' and @resource-id = 'email-input' and (@text = '' or . = '')]"}[39m
[35m[HTTP][39m [37m<-- POST /wd/hub/session/496be49a-ac5b-40ee-b5ff-95aa176b5888/elements [39m[32m200[39m [90m67 ms - 139[39m
[35m[HTTP][39m [90m[39m
[35m[HTTP][39m [37m-->[39m [37mGET[39m [37m/wd/hub/session/496be49a-ac5b-40ee-b5ff-95aa176b5888/window/rect[39m
[35m[HTTP][39m [90m{}[39m
[35m[HTTP][39m [37m<-- GET /wd/hub/session/496be49a-ac5b-40ee-b5ff-95aa176b5888/window/rect [39m[32m200[39m [90m40 ms - 50[39m
[35m[HTTP][39m [90m[39m
[35m[HTTP][39m [37m-->[39m [37mPOST[39m [37m/wd/hub/session/496be49a-ac5b-40ee-b5ff-95aa176b5888/elements[39m
[35m[HTTP][39m [90m{"using":"xpath","value":"//*[@class = 'android.widget.EditText' and @resource-id = 'email-input' and (@text = '' or . = '')]"}[39m
[35m[HTTP][39m [37m<-- POST /wd/hub/session/496be49a-ac5b-40ee-b5ff-95aa176b5888/elements [39m[32m200[39m [90m41 ms - 139[39m
[35m[HTTP][39m [90m[39m
[35m[HTTP][39m [37m-->[39m [37mGET[39m [37m/wd/hub/session/496be49a-ac5b-40ee-b5ff-95aa176b5888/element/00000000-0000-01cb-ffff-ffff00000023/location[39m
[35m[HTTP][39m [90m{}[39m
[35m[W3C (496be49a)][39m Driver proxy active, passing request on via HTTP proxy
[35m[WD Proxy][39m Replacing sessionId 27858914-410a-42b7-9614-f8726658a970 with 496be49a-ac5b-40ee-b5ff-95aa176b5888
[35m[HTTP][39m [37m<-- GET /wd/hub/session/496be49a-ac5b-40ee-b5ff-95aa176b5888/element/00000000-0000-01cb-ffff-ffff00000023/location [39m[32m200[39m [90m11 ms - 79[39m
[35m[HTTP][39m [90m[39m
[35m[HTTP][39m [37m-->[39m [37mPOST[39m [37m/wd/hub/session/496be49a-ac5b-40ee-b5ff-95aa176b5888/element/00000000-0000-01cb-ffff-ffff00000023/click[39m
[35m[HTTP][39m [90m{"id":"00000000-0000-01cb-ffff-ffff00000023"}[39m
[35m[HTTP][39m [37m<-- POST /wd/hub/session/496be49a-ac5b-40ee-b5ff-95aa176b5888/element/00000000-0000-01cb-ffff-ffff00000023/click [39m[32m200[39m [90m10 ms - 14[39m
[35m[HTTP][39m [90m[39m
[35m[HTTP][39m [37m-->[39m [37mGET[39m [37m/wd/hub/session/496be49a-ac5b-40ee-b5ff-95aa176b5888/source[39m
[35m[HTTP][39m [90m{}[39m
[35m[W3C (496be49a)][39m Driver proxy active, passing request on via HTTP proxy
[35m[WD Proxy][39m Replacing sessionId 27858914-410a-42b7-9614-f8726658a970 with 496be49a-ac5b-40ee-b5ff-95aa176b5888
[35m[HTTP][39m [37m<-- GET /wd/hub/session/496be49a-ac5b-40ee-b5ff-95aa176b5888/source [39m[32m200[39m [90m203 ms - 14659[39m
[35m[HTTP][39m [90m[39m
[35m[HTTP][39m [37m-->[39m [37mGET[39m [37m/wd/hub/session/496be49a-ac5b-40ee-b5ff-95aa176b5888/screenshot[39m
[35m[HTTP][39m [90m{}[39m
[35m[HTTP][39m [37m<-- GET /wd/hub/session/496be49a-ac5b-40ee-b5ff-95aa176b5888/screenshot [39m[32m200[39m [90m144 ms - 170920[39m
[35m[HTTP][39m [90m[39m
[35m[HTTP][39m [37m-->[39m [37mPOST[39m [37m/wd/hub/session/496be49a-ac5b-40ee-b5ff-95aa176b5888/elements[39m
[35m[HTTP][39m [90m{"using":"xpath","value":"//*[@class = 'android.widget.EditText' and @resource-id = 'email-input' and (@text = '' or . = '')]"}[39m
[35m[HTTP][39m [37m<-- POST /wd/hub/session/496be49a-ac5b-40ee-b5ff-95aa176b5888/elements [39m[32m200[39m [90m63 ms - 139[39m
[35m[HTTP][39m [90m[39m
[35m[HTTP][39m [37m-->[39m [37mGET[39m [37m/wd/hub/session/496be49a-ac5b-40ee-b5ff-95aa176b5888/window/rect[39m
[35m[HTTP][39m [90m{}[39m
[35m[HTTP][39m [37m<-- GET /wd/hub/session/496be49a-ac5b-40ee-b5ff-95aa176b5888/window/rect [39m[32m200[39m [90m22 ms - 50[39m
[35m[HTTP][39m [90m[39m
[35m[HTTP][39m [37m-->[39m [37mPOST[39m [37m/wd/hub/session/496be49a-ac5b-40ee-b5ff-95aa176b5888/elements[39m
[35m[HTTP][39m [90m{"using":"xpath","value":"//*[@class = 'android.widget.EditText' and @resource-id = 'email-input' and (@text = '' or . = '')]"}[39m
[35m[HTTP][39m [37m<-- POST /wd/hub/session/496be49a-ac5b-40ee-b5ff-95aa176b5888/elements [39m[32m200[39m [90m58 ms - 139[39m
[35m[HTTP][39m [90m[39m
[35m[HTTP][39m [37m-->[39m [37mGET[39m [37m/wd/hub/session/496be49a-ac5b-40ee-b5ff-95aa176b5888/element/00000000-0000-01cb-ffff-ffff00000023/location[39m
[35m[HTTP][39m [90m{}[39m
[35m[W3C (496be49a)][39m Driver proxy active, passing request on via HTTP proxy
[35m[WD Proxy][39m Replacing sessionId 27858914-410a-42b7-9614-f8726658a970 with 496be49a-ac5b-40ee-b5ff-95aa176b5888
[35m[HTTP][39m [37m<-- GET /wd/hub/session/496be49a-ac5b-40ee-b5ff-95aa176b5888/element/00000000-0000-01cb-ffff-ffff00000023/location [39m[32m200[39m [90m8 ms - 78[39m
[35m[HTTP][39m [90m[39m
[35m[HTTP][39m [37m-->[39m [37mPOST[39m [37m/wd/hub/session/496be49a-ac5b-40ee-b5ff-95aa176b5888/element/00000000-0000-01cb-ffff-ffff00000023/clear[39m
[35m[HTTP][39m [90m{"id":"00000000-0000-01cb-ffff-ffff00000023"}[39m
[35m[HTTP][39m [37m<-- POST /wd/hub/session/496be49a-ac5b-40ee-b5ff-95aa176b5888/element/00000000-0000-01cb-ffff-ffff00000023/clear [39m[32m200[39m [90m16 ms - 14[39m
[35m[HTTP][39m [90m[39m
[35m[HTTP][39m [37m-->[39m [37mPOST[39m [37m/wd/hub/session/496be49a-ac5b-40ee-b5ff-95aa176b5888/element/00000000-0000-01cb-ffff-ffff00000023/value[39m
[35m[HTTP][39m [90m{"id":"00000000-0000-01cb-ffff-ffff00000023","text":"satu@gmail.com","value":["s","a","t","u","@","g","m","a","i","l",".","c","o","m"]}[39m
[35m[HTTP][39m [37m<-- POST /wd/hub/session/496be49a-ac5b-40ee-b5ff-95aa176b5888/element/00000000-0000-01cb-ffff-ffff00000023/value [39m[32m200[39m [90m634 ms - 14[39m
[35m[HTTP][39m [90m[39m
[35m[HTTP][39m [37m-->[39m [37mGET[39m [37m/wd/hub/session/496be49a-ac5b-40ee-b5ff-95aa176b5888/source[39m
[35m[HTTP][39m [90m{}[39m
[35m[W3C (496be49a)][39m Driver proxy active, passing request on via HTTP proxy
[35m[WD Proxy][39m Replacing sessionId 27858914-410a-42b7-9614-f8726658a970 with 496be49a-ac5b-40ee-b5ff-95aa176b5888
[35m[HTTP][39m [37m<-- GET /wd/hub/session/496be49a-ac5b-40ee-b5ff-95aa176b5888/source [39m[32m200[39m [90m43 ms - 14673[39m
[35m[HTTP][39m [90m[39m
[35m[HTTP][39m [37m-->[39m [37mGET[39m [37m/wd/hub/session/496be49a-ac5b-40ee-b5ff-95aa176b5888/screenshot[39m
[35m[HTTP][39m [90m{}[39m
[35m[HTTP][39m [37m<-- GET /wd/hub/session/496be49a-ac5b-40ee-b5ff-95aa176b5888/screenshot [39m[32m200[39m [90m144 ms - 169368[39m
[35m[HTTP][39m [90m[39m
[35m[HTTP][39m [37m-->[39m [37mPOST[39m [37m/wd/hub/session/496be49a-ac5b-40ee-b5ff-95aa176b5888/elements[39m
[35m[HTTP][39m [90m{"using":"xpath","value":"//*[@class = 'android.widget.EditText' and @resource-id = 'password-input' and (@text = '' or . = '')]"}[39m
[35m[HTTP][39m [37m<-- POST /wd/hub/session/496be49a-ac5b-40ee-b5ff-95aa176b5888/elements [39m[32m200[39m [90m52 ms - 139[39m
[35m[HTTP][39m [90m[39m
[35m[HTTP][39m [37m-->[39m [37mGET[39m [37m/wd/hub/session/496be49a-ac5b-40ee-b5ff-95aa176b5888/window/rect[39m
[35m[HTTP][39m [90m{}[39m
[35m[HTTP][39m [37m<-- GET /wd/hub/session/496be49a-ac5b-40ee-b5ff-95aa176b5888/window/rect [39m[32m200[39m [90m11 ms - 50[39m
[35m[HTTP][39m [90m[39m
[35m[HTTP][39m [37m-->[39m [37mPOST[39m [37m/wd/hub/session/496be49a-ac5b-40ee-b5ff-95aa176b5888/elements[39m
[35m[HTTP][39m [90m{"using":"xpath","value":"//*[@class = 'android.widget.EditText' and @resource-id = 'password-input' and (@text = '' or . = '')]"}[39m
[35m[HTTP][39m [37m<-- POST /wd/hub/session/496be49a-ac5b-40ee-b5ff-95aa176b5888/elements [39m[32m200[39m [90m33 ms - 139[39m
[35m[HTTP][39m [90m[39m
[35m[HTTP][39m [37m-->[39m [37mGET[39m [37m/wd/hub/session/496be49a-ac5b-40ee-b5ff-95aa176b5888/element/00000000-0000-01cb-ffff-ffff00000024/location[39m
[35m[HTTP][39m [90m{}[39m
[35m[W3C (496be49a)][39m Driver proxy active, passing request on via HTTP proxy
[35m[WD Proxy][39m Replacing sessionId 27858914-410a-42b7-9614-f8726658a970 with 496be49a-ac5b-40ee-b5ff-95aa176b5888
[35m[HTTP][39m [37m<-- GET /wd/hub/session/496be49a-ac5b-40ee-b5ff-95aa176b5888/element/00000000-0000-01cb-ffff-ffff00000024/location [39m[32m200[39m [90m6 ms - 78[39m
[35m[HTTP][39m [90m[39m
[35m[HTTP][39m [37m-->[39m [37mPOST[39m [37m/wd/hub/session/496be49a-ac5b-40ee-b5ff-95aa176b5888/element/00000000-0000-01cb-ffff-ffff00000024/click[39m
[35m[HTTP][39m [90m{"id":"00000000-0000-01cb-ffff-ffff00000024"}[39m
[35m[HTTP][39m [37m<-- POST /wd/hub/session/496be49a-ac5b-40ee-b5ff-95aa176b5888/element/00000000-0000-01cb-ffff-ffff00000024/click [39m[32m200[39m [90m11 ms - 14[39m
[35m[HTTP][39m [90m[39m
[35m[HTTP][39m [37m-->[39m [37mGET[39m [37m/wd/hub/session/496be49a-ac5b-40ee-b5ff-95aa176b5888/source[39m
[35m[HTTP][39m [90m{}[39m
[35m[W3C (496be49a)][39m Driver proxy active, passing request on via HTTP proxy
[35m[WD Proxy][39m Replacing sessionId 27858914-410a-42b7-9614-f8726658a970 with 496be49a-ac5b-40ee-b5ff-95aa176b5888
[35m[HTTP][39m [37m<-- GET /wd/hub/session/496be49a-ac5b-40ee-b5ff-95aa176b5888/source [39m[32m200[39m [90m132 ms - 14673[39m
[35m[HTTP][39m [90m[39m
[35m[HTTP][39m [37m-->[39m [37mGET[39m [37m/wd/hub/session/496be49a-ac5b-40ee-b5ff-95aa176b5888/screenshot[39m
[35m[HTTP][39m [90m{}[39m
[35m[HTTP][39m [37m<-- GET /wd/hub/session/496be49a-ac5b-40ee-b5ff-95aa176b5888/screenshot [39m[32m200[39m [90m147 ms - 162270[39m
[35m[HTTP][39m [90m[39m
[35m[HTTP][39m [37m-->[39m [37mPOST[39m [37m/wd/hub/session/496be49a-ac5b-40ee-b5ff-95aa176b5888/elements[39m
[35m[HTTP][39m [90m{"using":"xpath","value":"//*[@class = 'android.widget.EditText' and @resource-id = 'password-input' and (@text = '' or . = '')]"}[39m
[35m[HTTP][39m [37m<-- POST /wd/hub/session/496be49a-ac5b-40ee-b5ff-95aa176b5888/elements [39m[32m200[39m [90m57 ms - 139[39m
[35m[HTTP][39m [90m[39m
[35m[HTTP][39m [37m-->[39m [37mGET[39m [37m/wd/hub/session/496be49a-ac5b-40ee-b5ff-95aa176b5888/window/rect[39m
[35m[HTTP][39m [90m{}[39m
[35m[HTTP][39m [37m<-- GET /wd/hub/session/496be49a-ac5b-40ee-b5ff-95aa176b5888/window/rect [39m[32m200[39m [90m17 ms - 50[39m
[35m[HTTP][39m [90m[39m
[35m[HTTP][39m [37m-->[39m [37mPOST[39m [37m/wd/hub/session/496be49a-ac5b-40ee-b5ff-95aa176b5888/elements[39m
[35m[HTTP][39m [90m{"using":"xpath","value":"//*[@class = 'android.widget.EditText' and @resource-id = 'password-input' and (@text = '' or . = '')]"}[39m
[35m[HTTP][39m [37m<-- POST /wd/hub/session/496be49a-ac5b-40ee-b5ff-95aa176b5888/elements [39m[32m200[39m [90m55 ms - 139[39m
[35m[HTTP][39m [90m[39m
[35m[HTTP][39m [37m-->[39m [37mGET[39m [37m/wd/hub/session/496be49a-ac5b-40ee-b5ff-95aa176b5888/element/00000000-0000-01cb-ffff-ffff00000024/location[39m
[35m[HTTP][39m [90m{}[39m
[35m[W3C (496be49a)][39m Driver proxy active, passing request on via HTTP proxy
[35m[WD Proxy][39m Replacing sessionId 27858914-410a-42b7-9614-f8726658a970 with 496be49a-ac5b-40ee-b5ff-95aa176b5888
[35m[HTTP][39m [37m<-- GET /wd/hub/session/496be49a-ac5b-40ee-b5ff-95aa176b5888/element/00000000-0000-01cb-ffff-ffff00000024/location [39m[32m200[39m [90m8 ms - 78[39m
[35m[HTTP][39m [90m[39m
[35m[HTTP][39m [37m-->[39m [37mPOST[39m [37m/wd/hub/session/496be49a-ac5b-40ee-b5ff-95aa176b5888/element/00000000-0000-01cb-ffff-ffff00000024/clear[39m
[35m[HTTP][39m [90m{"id":"00000000-0000-01cb-ffff-ffff00000024"}[39m
[35m[HTTP][39m [37m<-- POST /wd/hub/session/496be49a-ac5b-40ee-b5ff-95aa176b5888/element/00000000-0000-01cb-ffff-ffff00000024/clear [39m[32m200[39m [90m19 ms - 14[39m
[35m[HTTP][39m [90m[39m
[35m[HTTP][39m [37m-->[39m [37mPOST[39m [37m/wd/hub/session/496be49a-ac5b-40ee-b5ff-95aa176b5888/element/00000000-0000-01cb-ffff-ffff00000024/value[39m
[35m[HTTP][39m [90m{"id":"00000000-0000-01cb-ffff-ffff00000024","text":"123","value":["1","2","3"]}[39m
[35m[HTTP][39m [37m<-- POST /wd/hub/session/496be49a-ac5b-40ee-b5ff-95aa176b5888/element/00000000-0000-01cb-ffff-ffff00000024/value [39m[32m200[39m [90m625 ms - 14[39m
[35m[HTTP][39m [90m[39m
[35m[HTTP][39m [37m-->[39m [37mGET[39m [37m/wd/hub/session/496be49a-ac5b-40ee-b5ff-95aa176b5888/source[39m
[35m[HTTP][39m [90m{}[39m
[35m[W3C (496be49a)][39m Driver proxy active, passing request on via HTTP proxy
[35m[WD Proxy][39m Replacing sessionId 27858914-410a-42b7-9614-f8726658a970 with 496be49a-ac5b-40ee-b5ff-95aa176b5888
[35m[HTTP][39m [37m<-- GET /wd/hub/session/496be49a-ac5b-40ee-b5ff-95aa176b5888/source [39m[32m200[39m [90m18 ms - 14682[39m
[35m[HTTP][39m [90m[39m
[35m[HTTP][39m [37m-->[39m [37mGET[39m [37m/wd/hub/session/496be49a-ac5b-40ee-b5ff-95aa176b5888/screenshot[39m
[35m[HTTP][39m [90m{}[39m
[35m[HTTP][39m [37m<-- GET /wd/hub/session/496be49a-ac5b-40ee-b5ff-95aa176b5888/screenshot [39m[32m200[39m [90m137 ms - 161904[39m
[35m[HTTP][39m [90m[39m
[35m[HTTP][39m [37m-->[39m [37mPOST[39m [37m/wd/hub/session/496be49a-ac5b-40ee-b5ff-95aa176b5888/elements[39m
[35m[HTTP][39m [90m{"using":"xpath","value":"//*[@class = 'android.widget.Button' and @resource-id = 'register-button' and (@text = '' or . = '')]"}[39m
[35m[HTTP][39m [37m<-- POST /wd/hub/session/496be49a-ac5b-40ee-b5ff-95aa176b5888/elements [39m[32m200[39m [90m42 ms - 139[39m
[35m[HTTP][39m [90m[39m
[35m[HTTP][39m [37m-->[39m [37mGET[39m [37m/wd/hub/session/496be49a-ac5b-40ee-b5ff-95aa176b5888/window/rect[39m
[35m[HTTP][39m [90m{}[39m
[35m[HTTP][39m [37m<-- GET /wd/hub/session/496be49a-ac5b-40ee-b5ff-95aa176b5888/window/rect [39m[32m200[39m [90m6 ms - 50[39m
[35m[HTTP][39m [90m[39m
[35m[HTTP][39m [37m-->[39m [37mPOST[39m [37m/wd/hub/session/496be49a-ac5b-40ee-b5ff-95aa176b5888/elements[39m
[35m[HTTP][39m [90m{"using":"xpath","value":"//*[@class = 'android.widget.Button' and @resource-id = 'register-button' and (@text = '' or . = '')]"}[39m
[35m[HTTP][39m [37m<-- POST /wd/hub/session/496be49a-ac5b-40ee-b5ff-95aa176b5888/elements [39m[32m200[39m [90m24 ms - 139[39m
[35m[HTTP][39m [90m[39m
[35m[HTTP][39m [37m-->[39m [37mGET[39m [37m/wd/hub/session/496be49a-ac5b-40ee-b5ff-95aa176b5888/element/00000000-0000-01cb-ffff-ffff00000033/location[39m
[35m[HTTP][39m [90m{}[39m
[35m[W3C (496be49a)][39m Driver proxy active, passing request on via HTTP proxy
[35m[WD Proxy][39m Replacing sessionId 27858914-410a-42b7-9614-f8726658a970 with 496be49a-ac5b-40ee-b5ff-95aa176b5888
[35m[HTTP][39m [37m<-- GET /wd/hub/session/496be49a-ac5b-40ee-b5ff-95aa176b5888/element/00000000-0000-01cb-ffff-ffff00000033/location [39m[32m200[39m [90m6 ms - 79[39m
[35m[HTTP][39m [90m[39m
[35m[HTTP][39m [37m-->[39m [37mPOST[39m [37m/wd/hub/session/496be49a-ac5b-40ee-b5ff-95aa176b5888/element/00000000-0000-01cb-ffff-ffff00000033/click[39m
[35m[HTTP][39m [90m{"id":"00000000-0000-01cb-ffff-ffff00000033"}[39m
[35m[HTTP][39m [37m<-- POST /wd/hub/session/496be49a-ac5b-40ee-b5ff-95aa176b5888/element/00000000-0000-01cb-ffff-ffff00000033/click [39m[32m200[39m [90m9 ms - 14[39m
[35m[HTTP][39m [90m[39m
[35m[HTTP][39m [37m-->[39m [37mGET[39m [37m/wd/hub/session/496be49a-ac5b-40ee-b5ff-95aa176b5888/source[39m
[35m[HTTP][39m [90m{}[39m
[35m[W3C (496be49a)][39m Driver proxy active, passing request on via HTTP proxy
[35m[WD Proxy][39m Replacing sessionId 27858914-410a-42b7-9614-f8726658a970 with 496be49a-ac5b-40ee-b5ff-95aa176b5888
[35m[HTTP][39m [37m<-- GET /wd/hub/session/496be49a-ac5b-40ee-b5ff-95aa176b5888/source [39m[32m200[39m [90m182 ms - 16047[39m
[35m[HTTP][39m [90m[39m
[35m[HTTP][39m [37m-->[39m [37mGET[39m [37m/wd/hub/session/496be49a-ac5b-40ee-b5ff-95aa176b5888/screenshot[39m
[35m[HTTP][39m [90m{}[39m
[35m[HTTP][39m [37m<-- GET /wd/hub/session/496be49a-ac5b-40ee-b5ff-95aa176b5888/screenshot [39m[32m200[39m [90m138 ms - 117866[39m
[35m[HTTP][39m [90m[39m
[35m[HTTP][39m [37m-->[39m [37mPOST[39m [37m/wd/hub/session/496be49a-ac5b-40ee-b5ff-95aa176b5888/elements[39m
[35m[HTTP][39m [90m{"using":"xpath","value":"//*[@class = 'android.widget.TextView' and (@text = 'nama, email dan password tidak boleh kosong' or . = 'nama, email dan password tidak boleh kosong') and @resource-id = 'error-message']"}[39m
[35m[HTTP][39m [37m<-- POST /wd/hub/session/496be49a-ac5b-40ee-b5ff-95aa176b5888/elements [39m[32m200[39m [90m49 ms - 139[39m
[35m[HTTP][39m [90m[39m
[35m[HTTP][39m [37m-->[39m [37mGET[39m [37m/wd/hub/session/496be49a-ac5b-40ee-b5ff-95aa176b5888/window/rect[39m
[35m[HTTP][39m [90m{}[39m
[35m[HTTP][39m [37m<-- GET /wd/hub/session/496be49a-ac5b-40ee-b5ff-95aa176b5888/window/rect [39m[32m200[39m [90m6 ms - 50[39m
[35m[HTTP][39m [90m[39m
[35m[HTTP][39m [37m-->[39m [37mPOST[39m [37m/wd/hub/session/496be49a-ac5b-40ee-b5ff-95aa176b5888/elements[39m
[35m[HTTP][39m [90m{"using":"xpath","value":"//*[@class = 'android.widget.TextView' and (@text = 'nama, email dan password tidak boleh kosong' or . = 'nama, email dan password tidak boleh kosong') and @resource-id = 'error-message']"}[39m
[35m[HTTP][39m [37m<-- POST /wd/hub/session/496be49a-ac5b-40ee-b5ff-95aa176b5888/elements [39m[32m200[39m [90m24 ms - 139[39m
[35m[HTTP][39m [90m[39m
[35m[HTTP][39m [37m-->[39m [37mGET[39m [37m/wd/hub/session/496be49a-ac5b-40ee-b5ff-95aa176b5888/element/00000000-0000-01cb-ffff-ffff00000045/location[39m
[35m[HTTP][39m [90m{}[39m
[35m[W3C (496be49a)][39m Driver proxy active, passing request on via HTTP proxy
[35m[WD Proxy][39m Replacing sessionId 27858914-410a-42b7-9614-f8726658a970 with 496be49a-ac5b-40ee-b5ff-95aa176b5888
[35m[HTTP][39m [37m<-- GET /wd/hub/session/496be49a-ac5b-40ee-b5ff-95aa176b5888/element/00000000-0000-01cb-ffff-ffff00000045/location [39m[32m200[39m [90m7 ms - 78[39m
[35m[HTTP][39m [90m[39m
[35m[HTTP][39m [37m-->[39m [37mGET[39m [37m/wd/hub/session/496be49a-ac5b-40ee-b5ff-95aa176b5888/element/00000000-0000-01cb-ffff-ffff00000045/text[39m
[35m[HTTP][39m [90m{}[39m
[35m[W3C (496be49a)][39m Driver proxy active, passing request on via HTTP proxy
[35m[WD Proxy][39m Replacing sessionId 27858914-410a-42b7-9614-f8726658a970 with 496be49a-ac5b-40ee-b5ff-95aa176b5888
[35m[HTTP][39m [37m<-- GET /wd/hub/session/496be49a-ac5b-40ee-b5ff-95aa176b5888/element/00000000-0000-01cb-ffff-ffff00000045/text [39m[32m200[39m [90m5 ms - 106[39m
[35m[HTTP][39m [90m[39m
[35m[HTTP][39m [37m-->[39m [37mGET[39m [37m/wd/hub/session/496be49a-ac5b-40ee-b5ff-95aa176b5888/source[39m
[35m[HTTP][39m [90m{}[39m
[35m[W3C (496be49a)][39m Driver proxy active, passing request on via HTTP proxy
[35m[WD Proxy][39m Replacing sessionId 27858914-410a-42b7-9614-f8726658a970 with 496be49a-ac5b-40ee-b5ff-95aa176b5888
[35m[HTTP][39m [37m<-- GET /wd/hub/session/496be49a-ac5b-40ee-b5ff-95aa176b5888/source [39m[32m200[39m [90m40 ms - 16047[39m
[35m[HTTP][39m [90m[39m
[35m[HTTP][39m [37m-->[39m [37mGET[39m [37m/wd/hub/session/496be49a-ac5b-40ee-b5ff-95aa176b5888/screenshot[39m
[35m[HTTP][39m [90m{}[39m
[35m[HTTP][39m [37m<-- GET /wd/hub/session/496be49a-ac5b-40ee-b5ff-95aa176b5888/screenshot [39m[32m200[39m [90m140 ms - 117866[39m
[35m[HTTP][39m [90m[39m
[35m[HTTP][39m [37m-->[39m [37mDELETE[39m [37m/wd/hub/session/496be49a-ac5b-40ee-b5ff-95aa176b5888[39m
[35m[HTTP][39m [90m{}[39m
[35m[Appium][39m Removing session 496be49a-ac5b-40ee-b5ff-95aa176b5888 from our master session list
[35m[UiAutomator2][39m Restoring hidden api policy to the device default configuration
[35m[HTTP][39m [37m<-- DELETE /wd/hub/session/496be49a-ac5b-40ee-b5ff-95aa176b5888 [39m[32m200[39m [90m180 ms - 14[39m
[35m[HTTP][39m [90m[39m
